<?xml version="1.0" encoding="UTF-8"?>
<!-- Generated by org.testng.reporters.JUnitXMLReporter -->
<testsuite ignored="0" hostname="HossainXPS8960" failures="0" tests="4" name="Default test" time="2.441" errors="0" timestamp="2024-11-20T22:21:44 EST">
  <testcase classname="Day1.HTTPRequests" name="getUsers" time="1.315"/>
  <testcase classname="Day1.HTTPRequests" name="creatUsers" time="0.48"/>
  <testcase classname="Day1.HTTPRequests" name="updateUser" time="0.316"/>
  <testcase classname="Day1.HTTPRequests" name="deleteUser" time="0.3"/>
</testsuite> <!-- Default test -->
