<?xml version="1.0" encoding="UTF-8"?>
<testng-results ignored="0" total="4" passed="4" failed="0" skipped="0">
  <reporter-output>
  </reporter-output>
  <suite started-at="2024-11-20T22:21:42 EST" name="Default suite" finished-at="2024-11-20T22:21:44 EST" duration-ms="2441">
    <groups>
    </groups>
    <test started-at="2024-11-20T22:21:42 EST" name="Default test" finished-at="2024-11-20T22:21:44 EST" duration-ms="2441">
      <class name="Day1.HTTPRequests">
        <test-method signature="getUsers()[pri:1, instance:Day1.HTTPRequests@6adbc9d]" started-at="2024-11-20T22:21:42 EST" name="getUsers" finished-at="2024-11-20T22:21:43 EST" duration-ms="1315" status="PASS">
          <reporter-output>
          </reporter-output>
        </test-method> <!-- getUsers -->
        <test-method signature="creatUsers()[pri:2, instance:Day1.HTTPRequests@6adbc9d]" started-at="2024-11-20T22:21:43 EST" name="creatUsers" finished-at="2024-11-20T22:21:44 EST" duration-ms="480" status="PASS">
          <reporter-output>
          </reporter-output>
        </test-method> <!-- creatUsers -->
        <test-method signature="updateUser()[pri:3, instance:Day1.HTTPRequests@6adbc9d]" started-at="2024-11-20T22:21:44 EST" name="updateUser" finished-at="2024-11-20T22:21:44 EST" depends-on-methods="Day1.HTTPRequests.creatUsers" duration-ms="316" status="PASS">
          <reporter-output>
          </reporter-output>
        </test-method> <!-- updateUser -->
        <test-method signature="deleteUser()[pri:4, instance:Day1.HTTPRequests@6adbc9d]" started-at="2024-11-20T22:21:44 EST" name="deleteUser" finished-at="2024-11-20T22:21:44 EST" duration-ms="300" status="PASS">
          <reporter-output>
          </reporter-output>
        </test-method> <!-- deleteUser -->
      </class> <!-- Day1.HTTPRequests -->
    </test> <!-- Default test -->
  </suite> <!-- Default suite -->
</testng-results>
